SCHEMA ds

GLOBALS

   #執行作業
   DEFINE g_clienttype    LIKE type_t.chr1      #A:GMA/W:GWC/D:GDC
| The symbol 'type_t.chr1' is not the name of a column in the specified database.
| See error number -4322.
   DEFINE g_sessionkey    LIKE type_t.chr20     #TT Session Key=TIME+PID
| The symbol 'type_t.chr20' is not the name of a column in the specified database.
| See error number -4322.
   DEFINE g_parentsession LIKE type_t.chr20     #父層Session Key
| The symbol 'type_t.chr20' is not the name of a column in the specified database.
| See error number -4322.
   DEFINE g_parentprog    LIKE type_t.chr20     #父層作業編號 
| The symbol 'type_t.chr20' is not the name of a column in the specified database.
| See error number -4322.
   DEFINE g_prog          LIKE type_t.chr20     #作業編號 (gzzz001)
| The symbol 'type_t.chr20' is not the name of a column in the specified database.
| See error number -4322.
   DEFINE g_actdefault    LIKE type_t.chr20     #預設開啟動作
| The symbol 'type_t.chr20' is not the name of a column in the specified database.
| See error number -4322.
   DEFINE g_code          LIKE type_t.chr20     #程式編號 (gzza001)
| The symbol 'type_t.chr20' is not the name of a column in the specified database.
| See error number -4322.
   DEFINE g_template_type LIKE type_t.chr10     #程式類別 (gzza002)
| The symbol 'type_t.chr10' is not the name of a column in the specified database.
| See error number -4322.
   DEFINE g_sys           LIKE type_t.chr5      #模組別 (gzza003)
| The symbol 'type_t.chr5' is not the name of a column in the specified database.
| See error number -4322.
   DEFINE g_chkey         LIKE type_t.chr1      #是否允許更改KEY (gzza006)
| The symbol 'type_t.chr1' is not the name of a column in the specified database.
| See error number -4322.
   DEFINE g_need_err_log  LIKE type_t.chr1      #是否需要將錯誤訊息寫入log檔 (gzza010)
| The symbol 'type_t.chr1' is not the name of a column in the specified database.
| See error number -4322.
   DEFINE g_idle_seconds  LIKE type_t.num5      #INPUT(ARRAY)時允許Idle的秒數 (gzza012)
| The symbol 'type_t.num5' is not the name of a column in the specified database.
| See error number -4322.
   DEFINE g_gui_type      LIKE type_t.num5      #GUI Type
| The symbol 'type_t.num5' is not the name of a column in the specified database.
| See error number -4322.
   DEFINE g_errno         LIKE type_t.chr10     #錯誤訊息代碼
| The symbol 'type_t.chr10' is not the name of a column in the specified database.
| See error number -4322.
   DEFINE g_success       LIKE type_t.chr1      #sub判斷是否執行成功
| The symbol 'type_t.chr1' is not the name of a column in the specified database.
| See error number -4322.
   DEFINE g_sub_success   LIKE type_t.num5      #跨元件判斷是否執行成功 (不透過return回傳時使用)
| The symbol 'type_t.num5' is not the name of a column in the specified database.
| See error number -4322.
   DEFINE g_errshow       LIKE type_t.num5      #錯誤訊息顯示 TRUE顯示/FALSE不顯示
| The symbol 'type_t.num5' is not the name of a column in the specified database.
| See error number -4322.
   DEFINE g_t100debug     LIKE type_t.chr1      #如果=9,顯示DEBUG訊息
| The symbol 'type_t.chr1' is not the name of a column in the specified database.
| See error number -4322.
   DEFINE g_t100azg0d     LIKE type_t.chr1      #如果=9,顯示DEBUG訊息
| The symbol 'type_t.chr1' is not the name of a column in the specified database.
| See error number -4322.
   DEFINE g_bgjob         LIKE type_t.chr1      #Background job
| The symbol 'type_t.chr1' is not the name of a column in the specified database.
| See error number -4322.
   DEFINE g_lang          LIKE type_t.chr6      #介面語言別 (gzzy001)
| The symbol 'type_t.chr6' is not the name of a column in the specified database.
| See error number -4322.
   DEFINE g_dlang         LIKE type_t.chr6      #資料語言別 (gzzy003)
| The symbol 'type_t.chr6' is not the name of a column in the specified database.
| See error number -4322.
   DEFINE g_argv          DYNAMIC ARRAY OF STRING     #所有外部參數
   DEFINE g_company       VARCHAR(72)           #公司名稱

   DEFINE g_enterprise    LIKE type_t.num5      #體系 Enterprise 代碼
| The symbol 'type_t.num5' is not the name of a column in the specified database.
| See error number -4322.
   DEFINE g_dbs           LIKE type_t.chr21     #實體資料庫名稱
| The symbol 'type_t.chr21' is not the name of a column in the specified database.
| See error number -4322.
   DEFINE g_site          LIKE type_t.chr10     #營運據點名稱
| The symbol 'type_t.chr10' is not the name of a column in the specified database.
| See error number -4322.
   DEFINE g_plant         LIKE type_t.chr10     #實體營運中心名稱
| The symbol 'type_t.chr10' is not the name of a column in the specified database.
| See error number -4322.
   DEFINE g_legal         LIKE type_t.chr10     #法人代碼
| The symbol 'type_t.chr10' is not the name of a column in the specified database.
| See error number -4322.
   DEFINE g_version       LIKE type_t.chr20     #版本
| The symbol 'type_t.chr20' is not the name of a column in the specified database.
| See error number -4322.
   DEFINE g_max_rec       LIKE type_t.num10 #5  #Table最大顯示/輸入筆數
| The symbol 'type_t.num10' is not the name of a column in the specified database.
| See error number -4322.
| The symbol 'xrem_t.xremsite' is not the name of a column in the specified database.
| See error number -4322.
   DEFINE g_max_browse    LIKE type_t.num10 #5  #瀏覽器最大顯示筆數
| The symbol 'type_t.num10' is not the name of a column in the specified database.
| See error number -4322.
| The symbol 'type_t.chr80' is not the name of a column in the specified database.
| See error number -4322.

| The symbol 'xrem_t.xremld' is not the name of a column in the specified database.
| See error number -4322.
   #作業時間
| The symbol 'type_t.chr80' is not the name of a column in the specified database.
| See error number -4322.
   DEFINE g_today      LIKE type_t.dat         #系統日期
| The symbol 'type_t.dat' is not the name of a column in the specified database.
| See error number -4322.
| The symbol 'xrem_t.xrem004' is not the name of a column in the specified database.
| See error number -4322.
   DEFINE g_time       LIKE type_t.chr8        #Execution time
| The symbol 'type_t.chr8' is not the name of a column in the specified database.
| See error number -4322.
| The symbol 'type_t.chr80' is not the name of a column in the specified database.
| See error number -4322.
   DEFINE g_timezone   LIKE type_t.chr80       #時區
| The symbol 'type_t.chr80' is not the name of a column in the specified database.
| See error number -4322.
| The symbol 'xrem_t.xremcomp' is not the name of a column in the specified database.
| See error number -4322.
   DEFINE g_lastdat    LIKE type_t.dat         #世界末日
| The symbol 'type_t.dat' is not the name of a column in the specified database.
| See error number -4322.
| The symbol 'xrem_t.xrem006' is not the name of a column in the specified database.
| See error number -4322.

| The symbol 'xrem_t.xremdocno' is not the name of a column in the specified database.
| See error number -4322.
   #執行人員
| The symbol 'xrem_t.xremdocdt' is not the name of a column in the specified database.
| See error number -4322.
   DEFINE g_user       LIKE type_t.chr20       #使用者工號
| The symbol 'type_t.chr20' is not the name of a column in the specified database.
| See error number -4322.
| The symbol 'xrem_t.xrem001' is not the name of a column in the specified database.
| See error number -4322.
   DEFINE g_account    LIKE type_t.chr20       #使用者編號/帳號
| The symbol 'type_t.chr20' is not the name of a column in the specified database.
| See error number -4322.
| The symbol 'xrem_t.xrem002' is not the name of a column in the specified database.
| See error number -4322.
   DEFINE g_roles      STRING                  #使用者角色清單 (串接報表需求)
| The symbol 'xrem_t.xrem005' is not the name of a column in the specified database.
| See error number -4322.
   DEFINE g_dept       LIKE type_t.chr10       #使用者部門代號
| The symbol 'type_t.chr10' is not the name of a column in the specified database.
| See error number -4322.
| The symbol 'xrem_t.xremstus' is not the name of a column in the specified database.
| See error number -4322.
   DEFINE g_grup       LIKE type_t.chr10
| The symbol 'type_t.chr10' is not the name of a column in the specified database.
| See error number -4322.
| The symbol 'xrem_t.xremownid' is not the name of a column in the specified database.
| See error number -4322.

| The symbol 'type_t.chr80' is not the name of a column in the specified database.
| See error number -4322.
   #執行權限
| The symbol 'xrem_t.xremowndp' is not the name of a column in the specified database.
| See error number -4322.
   DEFINE g_data_owner LIKE type_t.chr20       #使用者資料權限
| The symbol 'type_t.chr20' is not the name of a column in the specified database.
| See error number -4322.
| The symbol 'type_t.chr80' is not the name of a column in the specified database.
| See error number -4322.
   DEFINE g_data_dept  LIKE type_t.chr10       #部門資料權限
| The symbol 'type_t.chr10' is not the name of a column in the specified database.
| See error number -4322.
| The symbol 'xrem_t.xremcrtid' is not the name of a column in the specified database.
| See error number -4322.
   DEFINE g_data_site  LIKE type_t.chr10       #營運中心資料權限
| The symbol 'type_t.chr10' is not the name of a column in the specified database.
| See error number -4322.
| The symbol 'type_t.chr80' is not the name of a column in the specified database.
| See error number -4322.
   DEFINE g_data_group LIKE type_t.chr10       #(to delete)
| The symbol 'type_t.chr10' is not the name of a column in the specified database.
| See error number -4322.
| The symbol 'xrem_t.xremcrtdp' is not the name of a column in the specified database.
| See error number -4322.
   DEFINE g_priv_col   DYNAMIC ARRAY OF RECORD #畫面欄位授權資料
| The symbol 'type_t.chr80' is not the name of a column in the specified database.
| See error number -4322.
| The symbol 'type_t.chr50' is not the name of a column in the specified database.
| See error number -4322.
            colid      LIKE type_t.chr80,      #  欄位編號
| The symbol 'type_t.chr80' is not the name of a column in the specified database.
| See error number -4322.
| The symbol 'xrem_t.xremcrtdt' is not the name of a column in the specified database.
| See error number -4322.
| The symbol 'type_t.num10' is not the name of a column in the specified database.
| See error number -4322.
            auth       LIKE type_t.chr1,       #  授權動作 1/不可見 2/加密 3/不可修改
| The symbol 'type_t.chr1' is not the name of a column in the specified database.
| See error number -4322.
| The symbol 'xrem_t.xremmodid' is not the name of a column in the specified database.
| See error number -4322.
            crypt      LIKE type_t.chr10,      #  加密方法
| The symbol 'type_t.chr10' is not the name of a column in the specified database.
| See error number -4322.
| The symbol 'type_t.chr80' is not the name of a column in the specified database.
| See error number -4322.
            type       LIKE type_t.chr10,      #  遮罩取用類型
| The symbol 'type_t.chr10' is not the name of a column in the specified database.
| See error number -4322.
| The symbol 'xrem_t.xremmoddt' is not the name of a column in the specified database.
| See error number -4322.
            idx        LIKE type_t.chr10       #  遮罩啟用指標位置
| The symbol 'type_t.chr10' is not the name of a column in the specified database.
| See error number -4322.
| The symbol 'xrem_t.xremcnfid' is not the name of a column in the specified database.
| See error number -4322.
                       END RECORD
| The symbol 'type_t.chr80' is not the name of a column in the specified database.
| See error number -4322.
   DEFINE g_progmasked BOOLEAN                 #作業是否已加上欄位遮罩 TRUE/FALSE
| The symbol 'xrem_t.xremcnfdt' is not the name of a column in the specified database.
| See error number -4322.

   #UI畫面設定
   DEFINE gs_config_path    STRING             #config資料夾的路徑.
   DEFINE gs_4st_path       STRING             #4st檔案預設路徑
   DEFINE gs_4ad_path       STRING             #4ad檔案預設路徑
| The symbol 'xren_t.xrenseq' is not the name of a column in the specified database.
| See error number -4322.
   DEFINE gs_4sm_path       STRING             #4sm檔案預設路徑
| The symbol 'xren_t.xrenorga' is not the name of a column in the specified database.
| See error number -4322.
   DEFINE gs_4tb_path       STRING             #4tb檔案預設路徑
| The symbol 'xren_t.xren004' is not the name of a column in the specified database.
| See error number -4322.
   DEFINE gs_4tm_path       STRING             #4tm檔案預設路徑
| The symbol 'xren_t.xren005' is not the name of a column in the specified database.
| See error number -4322.
   DEFINE g_action_choice   STRING             #ON ACTION的名稱
| The symbol 'xren_t.xren006' is not the name of a column in the specified database.
| See error number -4322.
   DEFINE g_show_item_value LIKE type_t.num5   #是否顯現COMBOBOX,RADIOGROUP的項目儲
| The symbol 'type_t.num5' is not the name of a column in the specified database.
| See error number -4322.
| The symbol 'xren_t.xren007' is not the name of a column in the specified database.
| See error number -4322.
   DEFINE g_head_disable    LIKE type_t.num5   #單頭目前是否隱藏
| The symbol 'type_t.num5' is not the name of a column in the specified database.
| See error number -4322.
| The symbol 'xren_t.xren008' is not the name of a column in the specified database.
| See error number -4322.
   DEFINE g_hidden_4tm      BOOLEAN            #是否不載入TopMenu TRUE:不載入, FALSE:載入
| The symbol 'xren_t.xren100' is not the name of a column in the specified database.
| See error number -4322.
   DEFINE g_hidden_4tb      BOOLEAN            #是否不載入ToolBar TRUE:不載入, FALSE:載入
| The symbol 'xren_t.xren040' is not the name of a column in the specified database.
| See error number -4322.

| The symbol 'xren_t.xren041' is not the name of a column in the specified database.
| See error number -4322.
   DEFINE g_pos        LIKE type_t.chr21
| The symbol 'type_t.chr21' is not the name of a column in the specified database.
| See error number -4322.
| The symbol 'xren_t.xren103' is not the name of a column in the specified database.
| See error number -4322.
   DEFINE g_mind       LIKE type_t.dat
| The symbol 'type_t.dat' is not the name of a column in the specified database.
| See error number -4322.
| The symbol 'xren_t.xren104' is not the name of a column in the specified database.
| See error number -4322.
   DEFINE g_maxd       LIKE type_t.dat
| The symbol 'type_t.dat' is not the name of a column in the specified database.
| See error number -4322.
| The symbol 'xren_t.xren105' is not the name of a column in the specified database.
| See error number -4322.

| The symbol 'xren_t.xren113' is not the name of a column in the specified database.
| See error number -4322.
   #顯示錯誤訊息
| The symbol 'xren_t.xren114' is not the name of a column in the specified database.
| See error number -4322.
   DEFINE g_errparam   RECORD
| The symbol 'xren_t.xren115' is not the name of a column in the specified database.
| See error number -4322.
            code      LIKE gzze_t.gzze001,         #錯誤訊息編碼
            extend    STRING,                      #出現在開頭的延伸訊息字串 (有需要再設定)
            popup     BOOLEAN,                     #開窗否（azzi920強制開窗時無作用）
| The symbol 'xren_t.xrenseq' is not the name of a column in the specified database.
| See error number -4322.
            type      LIKE gzze_t.gzze007,         #訊息類型0:警告, 1:錯誤, 2:資訊（可不設, 依照azzi920預設值）
| The symbol 'type_t.chr500' is not the name of a column in the specified database.
| See error number -4322.
            replace   DYNAMIC ARRAY OF STRING,     #替換錯誤訊息及建議處理方式中的%變數 (有需要再設定)
| The symbol 'type_t.chr500' is not the name of a column in the specified database.
| See error number -4322.
            columns   DYNAMIC ARRAY OF STRING,     #欄位清單(對照欄位值清單) (有需要再設定)
| The symbol 'type_t.chr500' is not the name of a column in the specified database.
| See error number -4322.
            #columns   DYNAMIC ARRAY OF LIKE dzeb_t.dzeb001,  #欄位清單(對照欄位值清單) (有需要再設定)
| The symbol 'xren_t.xren033' is not the name of a column in the specified database.
| See error number -4322.
            #columns   DYNAMIC ARRAY OF LIKE gzzd_t.gzzd003,  #欄位清單(對照欄位值清單) (有需要再設定)
| The symbol 'xren_t.xren043' is not the name of a column in the specified database.
| See error number -4322.
            values    DYNAMIC ARRAY OF STRING,     #欄位值清單(對照欄位清單) (有需要再設定)
| The symbol 'type_t.chr500' is not the name of a column in the specified database.
| See error number -4322.
            coll_vals DYNAMIC ARRAY OF STRING,     #匯總訊息額外欄位 - 值 (有需要再設定)
| The symbol 'xren_t.xren019' is not the name of a column in the specified database.
| See error number -4322.
            sqlerr    LIKE type_t.num5,            #SQLCA.SQLERRD[2] 或 SQLCA.SQLCODE (有需要再設定，0則不顯示)
| The symbol 'type_t.num5' is not the name of a column in the specified database.
| See error number -4322.
| The symbol 'type_t.chr500' is not the name of a column in the specified database.
| See error number -4322.
            exeprog   LIKE type_t.chr20,           #建議執行作業編號 (有需要再設定)
| The symbol 'type_t.chr20' is not the name of a column in the specified database.
| See error number -4322.
| The symbol 'xren_t.xren042' is not the name of a column in the specified database.
| See error number -4322.
            param     STRING                       #JSON格式的參數  (有需要再設定)
| The symbol 'type_t.chr500' is not the name of a column in the specified database.
| See error number -4322.
            END RECORD
| The symbol 'xren_t.xren016' is not the name of a column in the specified database.
| See error number -4322.
   #訊息中心
| The symbol 'type_t.chr500' is not the name of a column in the specified database.
| See error number -4322.
   DEFINE g_msgparam   RECORD
| The symbol 'xren_t.xren011' is not the name of a column in the specified database.
| See error number -4322.
            state      STRING,                     #執行模式                                                
| The symbol 'type_t.chr500' is not the name of a column in the specified database.
| See error number -4322.
            data       DYNAMIC ARRAY OF STRING,    #表單資料
| The symbol 'xren_t.xren012' is not the name of a column in the specified database.
| See error number -4322.
            rpt_code   STRING,                     #報表驗證碼
| The symbol 'type_t.chr500' is not the name of a column in the specified database.
| See error number -4322.
            rpt_url    STRING,                     #報表 url
| The symbol 'xren_t.xren013' is not the name of a column in the specified database.
| See error number -4322.
            rpt_file   STRING                      #報表 file                                                  
| The symbol 'type_t.chr500' is not the name of a column in the specified database.
| See error number -4322.
            END RECORD
| The symbol 'xren_t.xren014' is not the name of a column in the specified database.
| See error number -4322.

| The symbol 'type_t.chr500' is not the name of a column in the specified database.
| See error number -4322.
   DEFINE g_coll_title DYNAMIC ARRAY OF STRING     #匯總訊息額外欄位 - 標題(限定最多20個欄位) (有需要再設定)
| The symbol 'xren_t.xren015' is not the name of a column in the specified database.
| See error number -4322.
   DEFINE g_errcollect DYNAMIC ARRAY OF RECORD
| The symbol 'type_t.chr500' is not the name of a column in the specified database.
| See error number -4322.
          code      STRING,                        #訊息代碼
| The symbol 'xren_t.xren017' is not the name of a column in the specified database.
| See error number -4322.
          message   STRING,                        #訊息內容
| The symbol 'type_t.chr500' is not the name of a column in the specified database.
| See error number -4322.
          adv_msg   STRING,                        #進階訊息
| The symbol 'xren_t.xren018' is not the name of a column in the specified database.
| See error number -4322.
          extra     DYNAMIC ARRAY OF STRING,       #額外欄位資訊
| The symbol 'type_t.chr500' is not the name of a column in the specified database.
| See error number -4322.
          gzze006   STRING,                        #程式人員詳細訊息
| The symbol 'xren_t.xren020' is not the name of a column in the specified database.
| See error number -4322.
          sqlerrd2  LIKE type_t.num5,              #SQLCA.SQLERRD[2] contains the last SERIAL or the native SQL error code.
| The symbol 'type_t.num5' is not the name of a column in the specified database.
| See error number -4322.
| The symbol 'xren_t.xren021' is not the name of a column in the specified database.
| See error number -4322.
          exeprog   LIKE type_t.chr20,             #建議執行作業編號
| The symbol 'type_t.chr20' is not the name of a column in the specified database.
| See error number -4322.
| The symbol 'type_t.chr500' is not the name of a column in the specified database.
| See error number -4322.
          param     STRING                         #JSON格式的參數  (有需要再設定)
| The symbol 'xren_t.xren022' is not the name of a column in the specified database.
| See error number -4322.
          END RECORD
| The symbol 'type_t.chr500' is not the name of a column in the specified database.
| See error number -4322.

| The symbol 'xren_t.xren023' is not the name of a column in the specified database.
| See error number -4322.
   #開窗查詢專用變數
| The symbol 'type_t.chr500' is not the name of a column in the specified database.
| See error number -4322.
   DEFINE g_qryparam        RECORD
| The symbol 'xren_t.xren024' is not the name of a column in the specified database.
| See error number -4322.
          state             LIKE type_t.chr1,       #程式的狀態(i→INPUT，c→CONSTRUCT，預設為i)
| The symbol 'type_t.chr1' is not the name of a column in the specified database.
| See error number -4322.
| The symbol 'type_t.chr500' is not the name of a column in the specified database.
| See error number -4322.
          construct         LIKE type_t.chr1,       #No Use
| The symbol 'type_t.chr1' is not the name of a column in the specified database.
| See error number -4322.
| The symbol 'xren_t.xren025' is not the name of a column in the specified database.
| See error number -4322.
| The symbol 'type_t.chr50' is not the name of a column in the specified database.
| See error number -4322.
          reqry             LIKE type_t.num5,       #是否需要先qry再顯示資料(TRUE:需要，FALSE:不需要，預設為FALSE)
| The symbol 'type_t.num5' is not the name of a column in the specified database.
| See error number -4322.
| The symbol 'type_t.chr500' is not the name of a column in the specified database.
| See error number -4322.
| The symbol 'type_t.num10' is not the name of a column in the specified database.
| See error number -4322.
          where             STRING,                 #查詢資料的條件(一@般是從gab_file.gab02來設定)
| The symbol 'xren_t.xren026' is not the name of a column in the specified database.
| See error number -4322.
          pagecount         STRING,                 #每頁最大瀏覽筆數
| The symbol 'type_t.chr500' is not the name of a column in the specified database.
| See error number -4322.
          default1          STRING,                 #開窗之相關欄位一的預設值
| The symbol 'xren_t.xren027' is not the name of a column in the specified database.
| See error number -4322.
          default2          STRING,                 #開窗之相關欄位二的預設值
| The symbol 'type_t.chr500' is not the name of a column in the specified database.
| See error number -4322.
          default3          STRING,                 #開窗之相關欄位三的預設值
| The symbol 'xren_t.xren028' is not the name of a column in the specified database.
| See error number -4322.
          default4          STRING,                 #開窗之相關欄位四的預設值
| The symbol 'type_t.chr500' is not the name of a column in the specified database.
| See error number -4322.
          default5          STRING,                 #開窗之相關欄位五的預設值
| The symbol 'xren_t.xren029' is not the name of a column in the specified database.
| See error number -4322.
          default6          STRING,                 #開窗之相關欄位六的預設值
| The symbol 'type_t.chr500' is not the name of a column in the specified database.
| See error number -4322.
          default7          STRING,                 #開窗之相關欄位七的預設值
| The symbol 'xren_t.xren030' is not the name of a column in the specified database.
| See error number -4322.
          default8          STRING,                 #開窗之相關欄位八的預設值
| The symbol 'type_t.chr500' is not the name of a column in the specified database.
| See error number -4322.
          default9          STRING,                 #開窗之相關欄位九的預設值
| The symbol 'xren_t.xren031' is not the name of a column in the specified database.
| See error number -4322.
          default10         STRING,                 #開窗之相關欄位十的預設值
| The symbol 'type_t.chr500' is not the name of a column in the specified database.
| See error number -4322.
          arg1              STRING,                 #查詢資料的條件替換值一@
| The symbol 'xren_t.xren032' is not the name of a column in the specified database.
| See error number -4322.
          arg2              STRING,                 #查詢資料的條件替換值二
| The symbol 'type_t.chr500' is not the name of a column in the specified database.
| See error number -4322.
          arg3              STRING,                 #查詢資料的條件替換值三
          arg4              STRING,                 #查詢資料的條件替換值四
          arg5              STRING,                 #查詢資料的條件替換值五
          arg6              STRING,                 #查詢資料的條件替換值六
          arg7              STRING,                 #查詢資料的條件替換值七
| The symbol 'type_t.chr50' is not the name of a column in the specified database.
| See error number -4322.
          arg8              STRING,                 #查詢資料的條件替換值八
| The symbol 'xrem_t.xremdocno' is not the name of a column in the specified database.
| See error number -4322.
          arg9              STRING,                 #查詢資料的條件替換值九
| The symbol 'xrem_t.xrem001' is not the name of a column in the specified database.
| See error number -4322.
          return1           STRING,                 #回傳資料一
| The symbol 'xrem_t.xrem002' is not the name of a column in the specified database.
| See error number -4322.
          return2           STRING,                 #回傳資料二
| The symbol 'xrem_t.xrem004' is not the name of a column in the specified database.
| See error number -4322.
          return3           STRING,                 #回傳資料三
          return4           STRING,                 #回傳資料四
          return5           STRING,                 #回傳資料五
          return6           STRING,                 #回傳資料六
          return7           STRING,                 #回傳資料七
          return8           STRING,                 #回傳資料八
| The symbol 'type_t.chr80' is not the name of a column in the specified database.
| See error number -4322.
          return9           STRING,                 #回傳資料九
          return10           STRING,                #回傳資料十
          multiret_index    LIKE type_t.num5,       #No Use
| The symbol 'type_t.num5' is not the name of a column in the specified database.
| See error number -4322.
          multiret          STRING,                 #No Use
          ordercons         STRING,                 #No Use
          str_array         DYNAMIC ARRAY OF STRING #因應開窗狀態m,接收多組字串資料的多個欄位
                              END RECORD

   #cl_chk_validate.4gl專用變數
   DEFINE g_chkparam        RECORD
          where             STRING,                 #外部額外設定的WHERE條件
| The symbol 'xrem_t.xremdocno' is not the name of a column in the specified database.
| See error number -4322.
          default1          STRING,                 #相關欄位一的預設值
          default2          STRING,                 #相關欄位二的預設值
          default3          STRING,                 #相關欄位三的預設值
          default4          STRING,                 #相關欄位四的預設值
          default5          STRING,                 #相關欄位五的預設值
          default6          STRING,                 #相關欄位六的預設值
          default7          STRING,                 #相關欄位七的預設值
          default8          STRING,                 #相關欄位八的預設值
          default9          STRING,                 #相關欄位九的預設值
          arg1              STRING,                 #外部參數一
          arg2              STRING,                 #外部參數二
          arg3              STRING,                 #外部參數三
          arg4              STRING,                 #外部參數四
          arg5              STRING,                 #外部參數五
          arg6              STRING,                 #外部參數六
          arg7              STRING,                 #外部參數七
          arg8              STRING,                 #外部參數八
          arg9              STRING,                 #外部參數九
          return1           STRING,                 #回傳資料一
          return2           STRING,                 #回傳資料二
          return3           STRING,                 #回傳資料三
          return4           STRING,                 #回傳資料四
          return5           STRING,                 #回傳資料五
          return6           STRING,                 #回傳資料六
          return7           STRING,                 #回傳資料七
          return8           STRING,                 #回傳資料八
          return9           STRING,                 #回傳資料九
          ls_title          STRING,                 #統一顯示在錯誤訊息多語言前面的字串
          err_str           DYNAMIC ARRAY OF STRING #替換錯誤訊息代號和錯誤訊息上的%變數
                            END RECORD
   #cl_jmail.4gl專用變數
| The symbol 'type_t.num10' is not the name of a column in the specified database.
| See error number -4322.
   DEFINE g_xml       RECORD
| The symbol 'type_t.num10' is not the name of a column in the specified database.
| See error number -4322.
          file        LIKE type_t.chr50,     #XML檔名(不含路徑,檔案產生在$TEMPDIR底下)
| The symbol 'type_t.chr50' is not the name of a column in the specified database.
| See error number -4322.
| The symbol 'type_t.num10' is not the name of a column in the specified database.
| See error number -4322.
          mailserver  LIKE type_t.chr30,     #MAIL SERVER IP
| The symbol 'type_t.chr30' is not the name of a column in the specified database.
| See error number -4322.
| The symbol 'type_t.num5' is not the name of a column in the specified database.
| See error number -4322.
          serverport  LIKE type_t.chr5,      #MAIL SERVER Port
| The symbol 'type_t.chr5' is not the name of a column in the specified database.
| See error number -4322.
| The symbol 'type_t.num10' is not the name of a column in the specified database.
| See error number -4322.
          user        LIKE type_t.chr30,     #MAIL SERVER User
| The symbol 'type_t.chr30' is not the name of a column in the specified database.
| See error number -4322.
| The symbol 'type_t.num10' is not the name of a column in the specified database.
| See error number -4322.
          passwd      LIKE type_t.chr10,     #MAIL SERVER User Password
| The symbol 'type_t.chr10' is not the name of a column in the specified database.
| See error number -4322.
          subject     VARCHAR(300),          #信件主旨
          body        VARCHAR(100),          #信件本文內容
| The symbol 'type_t.num10' is not the name of a column in the specified database.
| See error number -4322.
          attach      LIKE type_t.chr1000,   #信件附件檔路徑
| The symbol 'type_t.chr1000' is not the name of a column in the specified database.
| See error number -4322.
          recipient   LIKE type_t.chr1000,   #收件者
| The symbol 'type_t.chr1000' is not the name of a column in the specified database.
| See error number -4322.
          cc          VARCHAR(500),          #副本
          bcc         VARCHAR(500),          #密件副本
| The symbol 'type_t.num5' is not the name of a column in the specified database.
| See error number -4322.
          sender      LIKE type_t.chr50,     #寄件者
| The symbol 'type_t.chr50' is not the name of a column in the specified database.
| See error number -4322.
| The symbol 'type_t.num5' is not the name of a column in the specified database.
| See error number -4322.
          replyto     LIKE type_t.chr1000,   #指定回信人
| The symbol 'type_t.chr1000' is not the name of a column in the specified database.
| See error number -4322.
          htmlbody    LIKE type_t.chr1000,   #Html body
| The symbol 'type_t.chr1000' is not the name of a column in the specified database.
| See error number -4322.
          htmlpath    LIKE type_t.chr100,    #Html path
| The symbol 'type_t.chr100' is not the name of a column in the specified database.
| See error number -4322.
| The symbol 'type_t.num10' is not the name of a column in the specified database.
| See error number -4322.
          priority    LIKE type_t.chr1       #mail 重要等級
| The symbol 'type_t.chr1' is not the name of a column in the specified database.
| See error number -4322.
| The symbol 'type_t.num10' is not the name of a column in the specified database.
| See error number -4322.
                      END RECORD
| The symbol 'type_t.num10' is not the name of a column in the specified database.
| See error number -4322.
   DEFINE g_header_idx          LIKE type_t.num10 #5
| The symbol 'type_t.num10' is not the name of a column in the specified database.
| See error number -4322.
| The symbol 'type_t.num10' is not the name of a column in the specified database.
| See error number -4322.
   DEFINE g_header_cnt          LIKE type_t.num10 #5
| The symbol 'type_t.num10' is not the name of a column in the specified database.
| See error number -4322.
| The symbol 'type_t.num10' is not the name of a column in the specified database.
| See error number -4322.
   DEFINE g_main_hidden         LIKE type_t.num5   #主頁摺疊
| The symbol 'type_t.num5' is not the name of a column in the specified database.
| See error number -4322.
| The symbol 'type_t.num10' is not the name of a column in the specified database.
| See error number -4322.
   DEFINE g_worksheet_hidden    LIKE type_t.num5   #瀏覽頁折疊
| The symbol 'type_t.num5' is not the name of a column in the specified database.
| See error number -4322.
| The symbol 'type_t.num10' is not the name of a column in the specified database.
| See error number -4322.
   DEFINE g_header_hidden       LIKE type_t.num5   #單頭折疊
| The symbol 'type_t.num5' is not the name of a column in the specified database.
| See error number -4322.
| The symbol 'type_t.num10' is not the name of a column in the specified database.
| See error number -4322.
   DEFINE g_parameters DYNAMIC ARRAY OF RECORD
| The symbol 'type_t.num10' is not the name of a column in the specified database.
| See error number -4322.
         para_id    STRING,
         value      STRING
         END RECORD
| The symbol 'type_t.num10' is not the name of a column in the specified database.
| See error number -4322.

   DEFINE g_work       DYNAMIC ARRAY OF LIKE type_t.dat #DATE #s_wdays,s_wdays2有需要.
| The symbol 'type_t.dat' is not the name of a column in the specified database.
| See error number -4322.
| The symbol 'type_t.num10' is not the name of a column in the specified database.
| See error number -4322.
   DEFINE g_intrans    LIKE type_t.chr1       #是否事务中标识 应用元件组设计
| The symbol 'type_t.chr1' is not the name of a column in the specified database.
| See error number -4322.
| The symbol 'type_t.chr5' is not the name of a column in the specified database.
| See error number -4322.
   DEFINE g_no_entry   STRING               #修改時不可編輯欄位(azzi850設定)

   #cl_batch_proc.4gl專用變數
   DEFINE ga_batch        DYNAMIC ARRAY OF RECORD
            c_check       LIKE type_t.chr1,   #VARCHAR(1),
| The symbol 'type_t.chr1' is not the name of a column in the specified database.
| See error number -4322.
            c_item01      VARCHAR(100),
            c_item02      VARCHAR(100),
| The symbol 'type_t.chr5' is not the name of a column in the specified database.
| See error number -4322.
            c_item03      VARCHAR(100),
| The symbol 'type_t.num5' is not the name of a column in the specified database.
| See error number -4322.
            c_item04      VARCHAR(100),
            c_item05      VARCHAR(100),
            c_item06      VARCHAR(100),
            c_item07      VARCHAR(100),
            c_item08      VARCHAR(100),
            c_item09      VARCHAR(100),
            c_item10      VARCHAR(100)
                          END RECORD
   #cl_doc 變數
| The symbol 'type_t.chr5' is not the name of a column in the specified database.
| See error number -4322.
   DEFINE g_pk_array      DYNAMIC ARRAY OF RECORD
            column        STRING,
            values        STRING
                          END RECORD
   DEFINE g_doc           RECORD
            column1       LIKE type_t.chr10,
| The symbol 'type_t.chr10' is not the name of a column in the specified database.
| See error number -4322.
            column2       LIKE type_t.chr10,
| The symbol 'type_t.chr10' is not the name of a column in the specified database.
| See error number -4322.
            column3       LIKE type_t.chr10,
| The symbol 'type_t.chr10' is not the name of a column in the specified database.
| See error number -4322.
            column4       LIKE type_t.chr10,
| The symbol 'type_t.chr10' is not the name of a column in the specified database.
| See error number -4322.
            column5       LIKE type_t.chr10,
| The symbol 'type_t.chr10' is not the name of a column in the specified database.
| See error number -4322.
            value1        LIKE type_t.chr50,     #MOD-960236 modify
| The symbol 'type_t.chr50' is not the name of a column in the specified database.
| See error number -4322.
            value2        LIKE type_t.chr50,     #MOD-960236 modify
| The symbol 'type_t.chr50' is not the name of a column in the specified database.
| See error number -4322.
            value3        LIKE type_t.chr50,     #MOD-960236 modify
| The symbol 'type_t.chr50' is not the name of a column in the specified database.
| See error number -4322.
            value4        LIKE type_t.chr50,     #MOD-960236 modify
| The symbol 'type_t.chr50' is not the name of a column in the specified database.
| See error number -4322.
            value5        LIKE type_t.chr50      #MOD-960236 modify
| The symbol 'type_t.chr50' is not the name of a column in the specified database.
| See error number -4322.
                          END RECORD
   #cl_set_focus_form
   DEFINE g_fld_name      LIKE type_t.chr20
| The symbol 'type_t.chr20' is not the name of a column in the specified database.
| See error number -4322.
   DEFINE g_frm_name      LIKE type_t.chr20
| The symbol 'type_t.chr20' is not the name of a column in the specified database.
| See error number -4322.

   #單據編號
   DEFINE g_doc_len       LIKE type_t.num5   #單據編號中單別的長度
| The symbol 'type_t.num5' is not the name of a column in the specified database.
| See error number -4322.
   DEFINE g_no_sp         LIKE type_t.num5   #單據編號中單號的起始位置
| The symbol 'type_t.num5' is not the name of a column in the specified database.
| See error number -4322.
                          #Ex.AAA-12345678, 1的位置"5"就是起始位置
   DEFINE g_no_ep         LIKE type_t.num5   #單據編號的結束位置
| The symbol 'type_t.num5' is not the name of a column in the specified database.
| See error number -4322.
                          #Ex.AAA-12345678, 8的位置"12"就是結束位置
   DEFINE g_sn_sp         LIKE type_t.num5   #單據編號流水號起始位置 FUN-A30020
| The symbol 'type_t.num5' is not the name of a column in the specified database.
| See error number -4322.
                          #Ex.AAA-PPPPP12345678, 1的位置"10"就是流水號起始位置
                          #無PlantCode編入, 則g_no_sp = g_sn_sp
   #多語轉換系統參數
   #DEFINE g_zx14          LIKE zx_file.zx14     #此使用者是否使用多語自動開窗功能
    DEFINE g_dyloc2sfld    LIKE type_t.chr1   #確認是否為動態切換語言別所觸發 FUN-560086
| The symbol 'type_t.chr1' is not the name of a column in the specified database.
| See error number -4322.
    DEFINE g_cuelang       LIKE type_t.num5   #FUN-580026
| The symbol 'type_t.num5' is not the name of a column in the specified database.
| See error number -4322.
    DEFINE g_bgjob_msgfile STRING                #批次作@業背景執行 FUN-610104
   #DEFINE g_ui_setting    LIKE gav_file.gav11   #自定義欄位功能FUN-710055

   #統整錯誤訊息
   DEFINE g_showmsg       STRING                #統整錯誤訊息
   DEFINE g_bgerr         LIKE type_t.num5   #是否啟用統整錯誤訊息的旗標
| The symbol 'type_t.num5' is not the name of a column in the specified database.
| See error number -4322.
   DEFINE g_totsuccess    LIKE type_t.chr1   #統整錯誤訊息用來記錄g_success的旗標
| The symbol 'type_t.chr1' is not the name of a column in the specified database.
| See error number -4322.
   DEFINE g_err_msg       DYNAMIC ARRAY OF RECORD
            fld1           STRING,
            fld2           STRING,
            fld3           STRING,
            fld4           STRING,
            fld5           STRING
                           END RECORD
   #修改歷程
   DEFINE g_logc     DYNAMIC ARRAY OF RECORD
             logc001  LIKE logc_t.logc001,
             logc002  LIKE logc_t.logc002,
             logc003  DATETIME YEAR TO SECOND,
             logc004  LIKE logc_t.logc004,
             logc006  LIKE logc_t.logc006
       END RECORD

   #報表列印參數設定.
   DEFINE g_rlang         LIKE gzzy_t.gzzy001      #報表列印參數設定.Language
   DEFINE g_pdate         LIKE type_t.dat          #報表列印參數設定.Print date
| The symbol 'type_t.dat' is not the name of a column in the specified database.
| See error number -4322.
   DEFINE g_ptime         LIKE type_t.chr8         #報表列印參數設定.Print time
| The symbol 'type_t.chr8' is not the name of a column in the specified database.
| See error number -4322.
   DEFINE g_prtway        LIKE type_t.chr1         #報表列印參數設定.Print way
| The symbol 'type_t.chr1' is not the name of a column in the specified database.
| See error number -4322.
   DEFINE g_copies        LIKE type_t.chr1         #報表列印參數設定.Report copies you want
| The symbol 'type_t.chr1' is not the name of a column in the specified database.
| See error number -4322.

   #報表背景作業功能
   DEFINE g_reportid      LIKE gzgf_t.gzgf000      #報表背景執行需選擇樣板

   #報表變數
   DEFINE g_rep_wcchp     STRING                   #報表列印條件中文化 #150904-00005#2 add
   DEFINE g_rs_printer    STRING                   #Server直接送印,報表主機印表機名稱 #150921-00060#1 add

   &include "erp/top_global_expand.inc"

   #匯出Excel功能
   DEFINE g_export_node   DYNAMIC ARRAY OF om.DomNode
   DEFINE g_export_id     DYNAMIC ARRAY OF STRING

   #單據程式設定作業的where condition
   DEFINE g_rep_wc        STRING
   DEFINE g_rep_type      STRING  #回傳報表元件的序號
   
   #ETL Job 參數設定
   DEFINE g_etlparam DYNAMIC ARRAY OF RECORD
         para_id    STRING,
         type       STRING,
         value      STRING
         END RECORD
END GLOBALS

| The symbol 'type_t.num5' is not the name of a column in the specified database.
| See error number -4322.
| The symbol 'type_t.num10' is not the name of a column in the specified database.
| See error number -4322.
| The symbol 'type_t.chr1' is not the name of a column in the specified database.
| See error number -4322.
| The symbol 'type_t.num5' is not the name of a column in the specified database.
| See error number -4322.
| The symbol 'type_t.num5' is not the name of a column in the specified database.
| See error number -4322.
| The symbol 'xrem_t.xremdocno' is not the name of a column in the specified database.
| See error number -4322.
| The symbol 'type_t.chr80' is not the name of a column in the specified database.
| See error number -4322.
| The symbol 'type_t.num5' is not the name of a column in the specified database.
| See error number -4322.
| The symbol 'xrem_t.xremdocno' is not the name of a column in the specified database.
| See error number -4322.
| The symbol 'type_t.num10' is not the name of a column in the specified database.
| See error number -4322.
| The symbol 'type_t.num10' is not the name of a column in the specified database.
| See error number -4322.
| The symbol 'type_t.num10' is not the name of a column in the specified database.
| See error number -4322.
| The symbol 'type_t.num10' is not the name of a column in the specified database.
| See error number -4322.
| The symbol 'type_t.chr1' is not the name of a column in the specified database.
| See error number -4322.
| The symbol 'xrem_t' is not the name of a table in the specified database.
| See error number -4320.
| The symbol 'type_t.num5' is not the name of a column in the specified database.
| See error number -4322.
| The symbol 'type_t.chr1' is not the name of a column in the specified database.
| See error number -4322.
| The symbol 'type_t.chr1' is not the name of a column in the specified database.
| See error number -4322.
| The symbol 'type_t.chr1' is not the name of a column in the specified database.
| See error number -4322.
| The symbol 'type_t.num10' is not the name of a column in the specified database.
| See error number -4322.
| The symbol 'type_t.num10' is not the name of a column in the specified database.
| See error number -4322.
| The symbol 'type_t.chr1' is not the name of a column in the specified database.
| See error number -4322.
| The symbol 'type_t.num5' is not the name of a column in the specified database.
| See error number -4322.
| The symbol 'type_t.num5' is not the name of a column in the specified database.
| See error number -4322.
| The symbol 'type_t.num10' is not the name of a column in the specified database.
| See error number -4322.
| The symbol 'type_t.num10' is not the name of a column in the specified database.
| See error number -4322.
| The symbol 'type_t.num10' is not the name of a column in the specified database.
| See error number -4322.
| The symbol 'type_t.num10' is not the name of a column in the specified database.
| See error number -4322.
| The symbol 'type_t.num10' is not the name of a column in the specified database.
| See error number -4322.
| The symbol 'xrda_t.xrdadocno' is not the name of a column in the specified database.
| See error number -4322.
| The symbol 'type_t.num5' is not the name of a column in the specified database.
| See error number -4322.
| The symbol 'type_t.num10' is not the name of a column in the specified database.
| See error number -4322.
| The symbol 'xrem_t.xremdocno' is not the name of a column in the specified database.
| See error number -4322.
| The symbol 'xrem_t.xremdocno' is not the name of a column in the specified database.
| See error number -4322.
| The symbol 'xrem_t' is not the name of a table in the specified database.
| See error number -4320.
| The symbol 'xren_t' is not the name of a table in the specified database.
| See error number -4320.
| The symbol 'type_t.num10' is not the name of a column in the specified database.
| See error number -4322.
| The symbol 'xren_t' is not the name of a table in the specified database.
| See error number -4320.
| The symbol 'type_t.num5' is not the name of a column in the specified database.
| See error number -4322.
| The symbol 'type_t.num10' is not the name of a column in the specified database.
| See error number -4322.
| The symbol 'type_t.num10' is not the name of a column in the specified database.
| See error number -4322.
| The symbol 'type_t.num10' is not the name of a column in the specified database.
| See error number -4322.
| The symbol 'type_t.num10' is not the name of a column in the specified database.
| See error number -4322.
| The symbol 'type_t.chr1' is not the name of a column in the specified database.
| See error number -4322.
| The symbol 'type_t.chr1' is not the name of a column in the specified database.
| See error number -4322.
| The symbol 'type_t.chr1' is not the name of a column in the specified database.
| See error number -4322.
| The symbol 'type_t.chr1' is not the name of a column in the specified database.
| See error number -4322.
| The symbol 'type_t.num10' is not the name of a column in the specified database.
| See error number -4322.
| The symbol 'type_t.num10' is not the name of a column in the specified database.
| See error number -4322.
| The symbol 'type_t.chr5' is not the name of a column in the specified database.
| See error number -4322.
| The symbol 'type_t.num5' is not the name of a column in the specified database.
| See error number -4322.
| The symbol 'type_t.chr1' is not the name of a column in the specified database.
| See error number -4322.
| The symbol 'type_t.num10' is not the name of a column in the specified database.
| See error number -4322.
| The symbol 'type_t.num10' is not the name of a column in the specified database.
| See error number -4322.
| The symbol 'type_t.num10' is not the name of a column in the specified database.
| See error number -4322.
| The symbol 'type_t.chr1' is not the name of a column in the specified database.
| See error number -4322.
| The symbol 'type_t.chr10' is not the name of a column in the specified database.
| See error number -4322.
| The symbol 'type_t.chr80' is not the name of a column in the specified database.
| See error number -4322.
| The symbol 'type_t.num5' is not the name of a column in the specified database.
| See error number -4322.
| The symbol 'type_t.num5' is not the name of a column in the specified database.
| See error number -4322.
| The symbol 'type_t.num5' is not the name of a column in the specified database.
| See error number -4322.
| The symbol 'xren_t.xren017' is not the name of a column in the specified database.
| See error number -4322.
| The symbol 'xren_t.xren018' is not the name of a column in the specified database.
| See error number -4322.
| The symbol 'type_t.chr80' is not the name of a column in the specified database.
| See error number -4322.
