2.40.04-2081.15 /u1/t10dev/com/lib/42m/lib_cl_show_array.4gl 22
2012-11-22 10:13:11 2.40.04-2081.15 /u1/t10dev/com/lib/42m/lib_cl_date.4gl 22
2012-11-22 10:13:14 2.40.04-2081.15 /u1/t10dev/com/lib/42m/lib_cl_setup.4gl 22
2.40.04-2081.15 /home/comp/prod/fgl/2.40.04-2081.15/ports/L64-XL23/src/extensions/libfgl4js/fgldbutl.4gl 22
2.40.04-2081.15 /u1/t10dev/com/lib/42m/lib_cl_load.4gl 22
2012-11-22 10:13:13 2.40.04-2081.15 /u1/t10dev/com/lib/42m/lib_cl_load_style_list.4gl 22
2012-11-22 10:13:15 2.40.04-2081.15 /u1/t10dev/com/lib/42m/lib_cl_str.4gl 22
2012-11-22 10:13:12 2.40.04-2081.15 /u1/t10dev/com/lib/42m/lib_cl_hashkey.4gl 22
2012-11-22 10:13:11 2.40.04-2081.15 /u1/t10dev/com/lib/42m/lib_cl_client_app.4gl 22
2.40.04-2081.15 /u1/t10dev/com/lib/42m/lib_cl_getenv.4gl 22
2012-11-22 10:13:15 2.40.04-2081.15 /u1/t10dev/com/lib/42m/lib_cl_ui_locale.4gl 22
2013-01-14 11:42:34 2.40.04-2081.15 /u1/t10dev/com/lib/42m/lib_cl_set_comp.4gl 22
2012-11-22 10:13:11 2.40.04-2081.15 /u1/t10dev/com/lib/42m/lib_cl_doc.4gl 22
2012-11-22 10:13:15 2.40.04-2081.15 /u1/t10dev/com/lib/42m/lib_cl_show_req_fields.4gl 22
2012-11-22 10:13:11 2.40.04-2081.15 /u1/t10dev/com/lib/42m/lib_cl_fldhelp.4gl 22
2012-11-22 10:13:14 2.40.04-2081.15 /u1/t10dev/com/lib/42m/lib_cl_set_focus_form.4gl 22
2012-11-22 10:13:14 2.40.04-2081.15 /u1/t10dev/com/lib/42m/lib_cl_set_head_visible.4gl 22
2012-11-22 10:13:11 2.40.04-2081.15 /u1/t10dev/com/lib/42m/lib_cl_flow.4gl 22
2012-11-22 10:13:10 2.40.04-2081.15 /u1/t10dev/com/lib/42m/lib_cl_ask.4gl 22
2012-11-22 10:13:12 2.40.04-2081.15 /u1/t10dev/com/lib/42m/lib_cl_get_extra_cond.4gl 22
2.40.04-2081.15 /u1/t10dev/com/lib/42m/lib_cl_time.4gl 22
2.40.04-2081.15 /u1/t10dev/com/qry/42m/qry_q_common.4gl 22
2012-11-22 10:13:13 2.40.04-2081.15 /u1/t10dev/com/lib/42m/lib_cl_qbe.4gl 22
2013-01-11 18:00:06 2.40.04-2081.15 /u1/t10dev/com/lib/42m/lib_cl_get.4gl 22
2013-01-11 18:00:30 2.40.04-2081.15 /u1/t10dev/com/lib/42m/lib_cl_ap_code.4gl 22
2013-01-11 18:00:33 2.40.04-2081.15 /u1/t10dev/com/lib/42m/lib_cl_chk.4gl 22
2012-11-22 10:13:13 2.40.04-2081.15 /u1/t10dev/com/lib/42m/lib_cl_on_idle.4gl 22
2012-11-22 10:13:11 2.40.04-2081.15 /u1/t10dev/com/lib/42m/lib_cl_cmdask.4gl 22
2012-11-22 10:13:15 2.40.04-2081.15 /u1/t10dev/com/lib/42m/lib_cl_show_help.4gl 22
2012-11-22 10:13:10 2.40.04-2081.15 /u1/t10dev/com/lib/42m/lib_cl_about.4gl 22
2012-11-22 10:13:13 2.40.04-2081.15 /u1/t10dev/com/lib/42m/lib_cl_select_plant.4gl 22
2013-01-14 09:35:30 2.40.04-2081.15 /u1/t10dev/com/lib/42m/lib_cl_cmdrun.4gl 22
2.40.04-2081.15 /u1/t10dev/erp/azz/42m/azz_sazzi900_link.4gl 22
2.40.04-2081.15 /u1/t10dev/erp/azz/42m/azz_sazzi900_para.4gl 22
2012-11-22 10:13:10 2.40.04-2081.15 /u1/t10dev/com/lib/42m/lib_cl_auth.4gl 22
2012-11-22 10:13:13 2.40.04-2081.15 /u1/t10dev/com/lib/42m/lib_cl_set_act_visible.4gl 22
2012-11-22 10:13:13 2.40.04-2081.15 /u1/t10dev/com/lib/42m/lib_cl_navigator_setting.4gl 22
2012-11-22 10:13:15 2.40.04-2081.15 /u1/t10dev/com/lib/42m/lib_cl_show_fld_cont.4gl 22
2012-11-22 10:13:13 2.40.04-2081.15 /u1/t10dev/com/lib/42m/lib_cl_set_combo_items.4gl 22
2.40.04-2081.15 /u1/t10dev/com/lib/42m/lib_cl_log.4gl 22
2013-01-14 10:16:04 2.40.04-2081.15 /u1/t10dev/com/lib/42m/lib_cl_ui_init.4gl 22
2012-11-22 10:13:15 2.40.04-2081.15 /u1/t10dev/com/lib/42m/lib_cl_sql.4gl 22
2013-01-14 10:02:50 2.40.04-2081.15 /u1/t10dev/com/lib/42m/lib_cl_user.4gl 22
2012-11-22 10:13:11 2.40.04-2081.15 /u1/t10dev/com/lib/42m/lib_cl_err.4gl 22
2013-01-14 17:32:07 2.40.04-2081.15 /u1/t10dev/erp/azz/42m/azz_azzi900.4gl 22
2.40.04-2081.15 /home/comp/prod/fgl/gws/2.40.04-112734/ports/L64-XL23/install/lib/WSHelper.4gl 22
